#
# A fatal error has been detected by the Java Runtime Environment:
#
#  SIGSEGV (0xb) at pc=0x000000011ae17b56, pid=7321, tid=4867
#
# JRE version: Java(TM) SE Runtime Environment (8.0_25-b17) (build 1.8.0_25-b17)
# Java VM: Java HotSpot(TM) 64-Bit Server VM (25.25-b02 mixed mode bsd-amd64 compressed oops)
# Problematic frame:
# C  [libnativeppm.jnilib+0x3b56]  PPM_CONTEXT::updateAccuracy(int, int)+0x416
#
# Failed to write core dump. Core dumps have been disabled. To enable core dumping, try "ulimit -c unlimited" before starting Java again
#
# If you would like to submit a bug report, please visit:
#   http://bugreport.sun.com/bugreport/crash.jsp
# The crash happened outside the Java Virtual Machine in native code.
# See problematic frame for where to report the bug.
#

---------------  T H R E A D  ---------------

Current thread (0x00007fabfb810800):  JavaThread "main" [_thread_in_native, id=4867, stack(0x00000001016d3000,0x00000001017d3000)]

siginfo: si_signo: 11 (SIGSEGV), si_code: 1 (SEGV_MAPERR), si_addr: 0x000000011b820004

Registers:
RAX=0x000000011b81ffe4, RBX=0x00000001175f3288, RCX=0x00007fabfc8f4200, RDX=0x0000000000000001
RSP=0x00000001017d25b0, RBP=0x00000001017d2630, RSI=0x0000000000000001, RDI=0x00000001015daa00
R8 =0x000000000000000f, R9 =0x00000000ffffff80, R10=0x0000000102f65668, R11=0x00000001024b319b
R12=0x0000000000000000, R13=0x00000001175f3288, R14=0x00000001017d2750, R15=0x00007fabfb810800
RIP=0x000000011ae17b56, EFLAGS=0x0000000000010246, ERR=0x0000000000000004
  TRAPNO=0x000000000000000e

Top of Stack: (sp=0x00000001017d25b0)
0x00000001017d25b0:   0000000100000004 00007fabfb5212b0
0x00000001017d25c0:   0000000400000000 ffffffff00000008
0x00000001017d25d0:   000000011b81ffe4 00007fabfb810800
0x00000001017d25e0:   0000000000000002 00007fabfb62a570
0x00000001017d25f0:   00007fabfb62a470 0000000000000003
0x00000001017d2600:   ffffffff007d2620 000000011b81ffe4
0x00000001017d2610:   000000ff175f3288 000000011af60a4a
0x00000001017d2620:   0000000100000005 000000011b81ffe4
0x00000001017d2630:   00000001017d2660 000000011ae1ad15
0x00000001017d2640:   00007fabfb810800 00000005175f3288
0x00000001017d2650:   00007fabfc8f4200 00000001175f3288
0x00000001017d2660:   00000001017d26a0 000000011ae1a8a5
0x00000001017d2670:   00000001175f3288 00000001175f3288
0x00000001017d2680:   0000000000000001 0000000100000000
0x00000001017d2690:   00000001017d2750 00007fabfb8109e8
0x00000001017d26a0:   00000001017d2718 0000000102f65694
0x00000001017d26b0:   00000001175f3288 00000001017d2750
0x00000001017d26c0:   00000001017d2718 0000000102f65427
0x00000001017d26d0:   0000000102f653e2 00000001017d26d8
0x00000001017d26e0:   00000001175f3288 00000001017d2750
0x00000001017d26f0:   00000001175f32f0 0000000000000000
0x00000001017d2700:   00000001175f3288 0000000000000000
0x00000001017d2710:   00000001017d2738 00000001017d2798
0x00000001017d2720:   0000000102f5798d 0000000000000000
0x00000001017d2730:   0000000102f5f2b8 0000000000000000
0x00000001017d2740:   0000000000000000 0000000000000001
0x00000001017d2750:   00000007957764e0 00000001017d2758
0x00000001017d2760:   00000001175f1962 00000001017d27c8
0x00000001017d2770:   00000001175f2028 0000000000000000
0x00000001017d2780:   00000001175f19b8 00000001017d2738
0x00000001017d2790:   00000001017d27b0 00000001017d2810
0x00000001017d27a0:   0000000102f5798d 00000007955ada30 

Instructions: (pc=0x000000011ae17b56)
0x000000011ae17b36:   00 0f 84 15 00 00 00 48 8b 45 d8 8b 48 1c 81 c1
0x000000011ae17b46:   01 00 00 00 89 48 1c e9 10 00 00 00 48 8b 45 d8
0x000000011ae17b56:   8b 48 20 81 c1 01 00 00 00 89 48 20 48 8b 45 c0
0x000000011ae17b66:   48 3d 00 00 00 00 48 89 45 90 0f 84 09 00 00 00 

Register to memory mapping:

RAX=0x000000011b81ffe4 is an unknown value
RBX={method} {0x00000001175f3288} 'updateModel' '(III)V' in 'edu/umass/cs/sensors/falcon/model/PPM'
RCX=0x00007fabfc8f4200 is an unknown value
RDX=0x0000000000000001 is an unknown value
RSP=0x00000001017d25b0 is pointing into the stack for thread: 0x00007fabfb810800
RBP=0x00000001017d2630 is pointing into the stack for thread: 0x00007fabfb810800
RSI=0x0000000000000001 is an unknown value
RDI=0x00000001015daa00 is an unknown value
R8 =0x000000000000000f is an unknown value
R9 =0x00000000ffffff80 is an unknown value
R10=0x0000000102f65668 is at code_begin+808 in an Interpreter codelet
method entry point (kind = native)  [0x0000000102f65340, 0x0000000102f65c40]  2304 bytes
R11=0x00000001024b319b: throw_unsatisfied_link_error+0 in /Library/Java/JavaVirtualMachines/jdk1.8.0_25.jdk/Contents/Home/jre/lib/server/libjvm.dylib at 0x0000000102000000
R12=0x0000000000000000 is an unknown value
R13={method} {0x00000001175f3288} 'updateModel' '(III)V' in 'edu/umass/cs/sensors/falcon/model/PPM'
R14=0x00000001017d2750 is pointing into the stack for thread: 0x00007fabfb810800
R15=0x00007fabfb810800 is a thread


Stack: [0x00000001016d3000,0x00000001017d3000],  sp=0x00000001017d25b0,  free space=1021k
Native frames: (J=compiled Java code, j=interpreted, Vv=VM code, C=native code)
C  [libnativeppm.jnilib+0x3b56]  PPM_CONTEXT::updateAccuracy(int, int)+0x416
C  [libnativeppm.jnilib+0x6d15]  updatePredictionModel(int, PPMEncoder*, int)+0x35
C  [libnativeppm.jnilib+0x68a5]  Java_edu_umass_cs_sensors_falcon_model_PPM_updateModel+0x35
j  edu.umass.cs.sensors.falcon.model.PPM.updateModel(III)V+0
j  edu.umass.cs.sensors.falcon.APPM.updatePredictionModel(Ljava/lang/String;II)V+106
j  edu.umass.cs.sensors.falcon.APPM.addEventObservation(JLjava/lang/String;II)V+48
j  edu.umass.cs.sensors.falcon.APPM.main([Ljava/lang/String;)V+126
v  ~StubRoutines::call_stub
V  [libjvm.dylib+0x2d4516]  JavaCalls::call_helper(JavaValue*, methodHandle*, JavaCallArguments*, Thread*)+0x6ae
V  [libjvm.dylib+0x30958b]  jni_invoke_static(JNIEnv_*, JavaValue*, _jobject*, JNICallType, _jmethodID*, JNI_ArgumentPusher*, Thread*)+0x1bf
V  [libjvm.dylib+0x302785]  jni_CallStaticVoidMethod+0x15d
C  [java+0x2c82]  JavaMain+0x998
C  [libsystem_pthread.dylib+0x3268]  _pthread_body+0x83
C  [libsystem_pthread.dylib+0x31e5]  _pthread_body+0x0
C  [libsystem_pthread.dylib+0x141d]  thread_start+0xd
C  0x0000000000000000

Java frames: (J=compiled Java code, j=interpreted, Vv=VM code)
j  edu.umass.cs.sensors.falcon.model.PPM.updateModel(III)V+0
j  edu.umass.cs.sensors.falcon.APPM.updatePredictionModel(Ljava/lang/String;II)V+106
j  edu.umass.cs.sensors.falcon.APPM.addEventObservation(JLjava/lang/String;II)V+48
j  edu.umass.cs.sensors.falcon.APPM.main([Ljava/lang/String;)V+126
v  ~StubRoutines::call_stub

---------------  P R O C E S S  ---------------

Java Threads: ( => current thread )
  0x00007fabfc870000 JavaThread "Service Thread" daemon [_thread_blocked, id=18179, stack(0x000000011ac0f000,0x000000011ad0f000)]
  0x00007fabfb83d800 JavaThread "C1 CompilerThread2" daemon [_thread_blocked, id=17667, stack(0x000000011ab0c000,0x000000011ac0c000)]
  0x00007fabfb83d000 JavaThread "C2 CompilerThread1" daemon [_thread_blocked, id=17155, stack(0x000000011aa09000,0x000000011ab09000)]
  0x00007fabfc826000 JavaThread "C2 CompilerThread0" daemon [_thread_blocked, id=16643, stack(0x000000011a906000,0x000000011aa06000)]
  0x00007fabfc860800 JavaThread "Signal Dispatcher" daemon [_thread_blocked, id=12811, stack(0x000000011a803000,0x000000011a903000)]
  0x00007fabfb821800 JavaThread "Finalizer" daemon [_thread_blocked, id=11523, stack(0x0000000118ec2000,0x0000000118fc2000)]
  0x00007fabfc850800 JavaThread "Reference Handler" daemon [_thread_blocked, id=11011, stack(0x0000000118dbf000,0x0000000118ebf000)]
=>0x00007fabfb810800 JavaThread "main" [_thread_in_native, id=4867, stack(0x00000001016d3000,0x00000001017d3000)]

Other Threads:
  0x00007fabfc84c000 VMThread [stack: 0x0000000118cbc000,0x0000000118dbc000] [id=10499]
  0x00007fabfc82c000 WatcherThread [stack: 0x000000011ad12000,0x000000011ae12000] [id=18691]

VM state:not at safepoint (normal execution)

VM Mutex/Monitor currently owned by a thread: None

Heap:
 PSYoungGen      total 38400K, used 2662K [0x0000000795580000, 0x0000000798000000, 0x00000007c0000000)
  eden space 33280K, 8% used [0x0000000795580000,0x0000000795819a50,0x0000000797600000)
  from space 5120K, 0% used [0x0000000797b00000,0x0000000797b00000,0x0000000798000000)
  to   space 5120K, 0% used [0x0000000797600000,0x0000000797600000,0x0000000797b00000)
 ParOldGen       total 87552K, used 0K [0x0000000740000000, 0x0000000745580000, 0x0000000795580000)
  object space 87552K, 0% used [0x0000000740000000,0x0000000740000000,0x0000000745580000)
 Metaspace       used 2773K, capacity 4564K, committed 4864K, reserved 1056768K
  class space    used 300K, capacity 388K, committed 512K, reserved 1048576K

Card table byte_map: [0x0000000112310000,0x0000000112711000] byte_map_base: 0x000000010e910000

Marking Bits: (ParMarkBitMap*) 0x000000010289d390
 Begin Bits: [0x0000000112dc8000, 0x0000000114dc8000)
 End Bits:   [0x0000000114dc8000, 0x0000000116dc8000)

Polling page: 0x00000001017e3000

CodeCache: size=245760Kb used=1130Kb max_used=1130Kb free=244629Kb
 bounds [0x0000000102f50000, 0x00000001031c0000, 0x0000000111f50000]
 total_blobs=274 nmethods=34 adapters=155
 compilation: enabled

Compilation events (10 events):
Event: 0.070 Thread 0x00007fabfb83d800   30       3       java.lang.String::indexOf (7 bytes)
Event: 0.070 Thread 0x00007fabfb83d800 nmethod 30 0x0000000103069310 code [0x0000000103069480, 0x0000000103069688]
Event: 0.071 Thread 0x00007fabfb83d800   31       1       java.lang.ThreadLocal::access$400 (5 bytes)
Event: 0.071 Thread 0x00007fabfb83d800 nmethod 31 0x0000000103069710 code [0x0000000103069860, 0x0000000103069950]
Event: 0.071 Thread 0x00007fabfb83d800   32       3       java.lang.String::startsWith (72 bytes)
Event: 0.072 Thread 0x00007fabfb83d800 nmethod 32 0x00000001030699d0 code [0x0000000103069b40, 0x0000000103069e70]
Event: 0.072 Thread 0x00007fabfb83d800   33       3       java.lang.String::startsWith (7 bytes)
Event: 0.072 Thread 0x00007fabfb83d800 nmethod 33 0x000000010306a250 code [0x000000010306a3c0, 0x000000010306a5c8]
Event: 0.073 Thread 0x00007fabfb83d800   34       3       java.lang.System::getSecurityManager (4 bytes)
Event: 0.073 Thread 0x00007fabfb83d800 nmethod 34 0x000000010306ac50 code [0x000000010306ada0, 0x000000010306aef0]

GC Heap History (0 events):
No events

Deoptimization events (0 events):
No events

Internal exceptions (7 events):
Event: 0.029 Thread 0x00007fabfb810800 Exception <a 'java/lang/NoSuchMethodError': Method sun.misc.Unsafe.defineClass(Ljava/lang/String;[BII)Ljava/lang/Class; name or signature does not match> (0x0000000795591fe0) thrown at [/HUDSON3/workspace/8-2-build-macosx-x86_64/jdk8u25/1514/hotspot/src/s
Event: 0.029 Thread 0x00007fabfb810800 Exception <a 'java/lang/NoSuchMethodError': Method sun.misc.Unsafe.prefetchRead(Ljava/lang/Object;J)V name or signature does not match> (0x0000000795592270) thrown at [/HUDSON3/workspace/8-2-build-macosx-x86_64/jdk8u25/1514/hotspot/src/share/vm/prims/jni.
Event: 0.067 Thread 0x00007fabfb810800 Exception <a 'java/security/PrivilegedActionException'> (0x000000079561a470) thrown at [/HUDSON3/workspace/8-2-build-macosx-x86_64/jdk8u25/1514/hotspot/src/share/vm/prims/jvm.cpp, line 1312]
Event: 0.070 Thread 0x00007fabfb810800 Exception <a 'java/security/PrivilegedActionException'> (0x0000000795624d80) thrown at [/HUDSON3/workspace/8-2-build-macosx-x86_64/jdk8u25/1514/hotspot/src/share/vm/prims/jvm.cpp, line 1312]
Event: 0.070 Thread 0x00007fabfb810800 Exception <a 'java/security/PrivilegedActionException'> (0x00000007957741e0) thrown at [/HUDSON3/workspace/8-2-build-macosx-x86_64/jdk8u25/1514/hotspot/src/share/vm/prims/jvm.cpp, line 1312]
Event: 0.071 Thread 0x00007fabfb810800 Exception <a 'java/security/PrivilegedActionException'> (0x0000000795776da0) thrown at [/HUDSON3/workspace/8-2-build-macosx-x86_64/jdk8u25/1514/hotspot/src/share/vm/prims/jvm.cpp, line 1312]
Event: 0.072 Thread 0x00007fabfb810800 Exception <a 'java/security/PrivilegedActionException'> (0x0000000795779ae8) thrown at [/HUDSON3/workspace/8-2-build-macosx-x86_64/jdk8u25/1514/hotspot/src/share/vm/prims/jvm.cpp, line 1312]

Events (10 events):
Event: 0.071 loading class edu/umass/cs/sensors/falcon/model/TemporalModel
Event: 0.071 loading class edu/umass/cs/sensors/falcon/model/TemporalModel done
Event: 0.072 loading class java/util/concurrent/ConcurrentHashMap$ForwardingNode
Event: 0.072 loading class java/util/concurrent/ConcurrentHashMap$ForwardingNode done
Event: 0.072 loading class edu/umass/cs/sensors/falcon/data/EventInfo
Event: 0.072 loading class edu/umass/cs/sensors/falcon/data/EventInfo done
Event: 0.072 loading class java/util/Random
Event: 0.072 loading class java/util/Random done
Event: 0.072 loading class java/util/concurrent/atomic/AtomicLong
Event: 0.072 loading class java/util/concurrent/atomic/AtomicLong done


Dynamic libraries:
0x000000000cfd2000 	/System/Library/Frameworks/Cocoa.framework/Versions/A/Cocoa
0x000000000cfd2000 	/System/Library/Frameworks/Security.framework/Versions/A/Security
0x000000000cfd2000 	/System/Library/Frameworks/ApplicationServices.framework/Versions/A/ApplicationServices
0x000000000cfd2000 	/usr/lib/libz.1.dylib
0x000000000cfd2000 	/usr/lib/libSystem.B.dylib
0x000000000cfd2000 	/usr/lib/libobjc.A.dylib
0x000000000cfd2000 	/System/Library/Frameworks/CoreFoundation.framework/Versions/A/CoreFoundation
0x000000000cfd2000 	/System/Library/Frameworks/Foundation.framework/Versions/C/Foundation
0x000000000cfd2000 	/System/Library/Frameworks/AppKit.framework/Versions/C/AppKit
0x000000000cfd2000 	/System/Library/Frameworks/CoreData.framework/Versions/A/CoreData
0x000000000cfd2000 	/System/Library/PrivateFrameworks/RemoteViewServices.framework/Versions/A/RemoteViewServices
0x000000000cfd2000 	/System/Library/PrivateFrameworks/UIFoundation.framework/Versions/A/UIFoundation
0x000000000cfd2000 	/System/Library/Frameworks/IOSurface.framework/Versions/A/IOSurface
0x000000000cfd2000 	/System/Library/Frameworks/AudioToolbox.framework/Versions/A/AudioToolbox
0x000000000cfd2000 	/System/Library/Frameworks/AudioUnit.framework/Versions/A/AudioUnit
0x000000000cfd2000 	/System/Library/PrivateFrameworks/DataDetectorsCore.framework/Versions/A/DataDetectorsCore
0x000000000cfd2000 	/System/Library/PrivateFrameworks/DesktopServicesPriv.framework/Versions/A/DesktopServicesPriv
0x000000000cfd2000 	/System/Library/Frameworks/Carbon.framework/Versions/A/Frameworks/HIToolbox.framework/Versions/A/HIToolbox
0x000000000cfd2000 	/System/Library/Frameworks/QuartzCore.framework/Versions/A/QuartzCore
0x000000000cfd2000 	/System/Library/Frameworks/Carbon.framework/Versions/A/Frameworks/SpeechRecognition.framework/Versions/A/SpeechRecognition
0x000000000cfd2000 	/usr/lib/libauto.dylib
0x000000000cfd2000 	/usr/lib/libicucore.A.dylib
0x000000000cfd2000 	/usr/lib/libxml2.2.dylib
0x000000000cfd2000 	/System/Library/PrivateFrameworks/CoreUI.framework/Versions/A/CoreUI
0x000000000cfd2000 	/System/Library/Frameworks/CoreAudio.framework/Versions/A/CoreAudio
0x000000000cfd2000 	/System/Library/Frameworks/DiskArbitration.framework/Versions/A/DiskArbitration
0x000000000cfd2000 	/usr/lib/liblangid.dylib
0x000000000cfd2000 	/System/Library/PrivateFrameworks/MultitouchSupport.framework/Versions/A/MultitouchSupport
0x000000000cfd2000 	/System/Library/Frameworks/IOKit.framework/Versions/A/IOKit
0x000000000cfd2000 	/usr/lib/libDiagnosticMessagesClient.dylib
0x000000000cfd2000 	/System/Library/Frameworks/CoreServices.framework/Versions/A/CoreServices
0x000000000cfd2000 	/System/Library/PrivateFrameworks/PerformanceAnalysis.framework/Versions/A/PerformanceAnalysis
0x000000000cfd2000 	/System/Library/PrivateFrameworks/GenerationalStorage.framework/Versions/A/GenerationalStorage
0x000000000cfd2000 	/System/Library/Frameworks/OpenGL.framework/Versions/A/OpenGL
0x000000000cfd2000 	/System/Library/PrivateFrameworks/Sharing.framework/Versions/A/Sharing
0x000000000cfd2000 	/System/Library/Frameworks/CoreGraphics.framework/Versions/A/CoreGraphics
0x000000000cfd2000 	/System/Library/Frameworks/CoreText.framework/Versions/A/CoreText
0x000000000cfd2000 	/System/Library/Frameworks/ImageIO.framework/Versions/A/ImageIO
0x000000000cfd2000 	/usr/lib/libextension.dylib
0x000000000cfd2000 	/System/Library/PrivateFrameworks/Backup.framework/Versions/A/Backup
0x000000000cfd2000 	/usr/lib/libarchive.2.dylib
0x000000000cfd2000 	/System/Library/Frameworks/CFNetwork.framework/Versions/A/CFNetwork
0x000000000cfd2000 	/System/Library/Frameworks/SystemConfiguration.framework/Versions/A/SystemConfiguration
0x000000000cfd2000 	/usr/lib/libCRFSuite.dylib
0x000000000cfd2000 	/usr/lib/libc++.1.dylib
0x000000000cfd2000 	/usr/lib/libc++abi.dylib
0x000000000cfd2000 	/usr/lib/system/libcache.dylib
0x000000000cfd2000 	/usr/lib/system/libcommonCrypto.dylib
0x000000000cfd2000 	/usr/lib/system/libcompiler_rt.dylib
0x000000000cfd2000 	/usr/lib/system/libcopyfile.dylib
0x000000000cfd2000 	/usr/lib/system/libcorecrypto.dylib
0x000000000cfd2000 	/usr/lib/system/libdispatch.dylib
0x000000000cfd2000 	/usr/lib/system/libdyld.dylib
0x000000000cfd2000 	/usr/lib/system/libkeymgr.dylib
0x000000000cfd2000 	/usr/lib/system/liblaunch.dylib
0x000000000cfd2000 	/usr/lib/system/libmacho.dylib
0x000000000cfd2000 	/usr/lib/system/libquarantine.dylib
0x000000000cfd2000 	/usr/lib/system/libremovefile.dylib
0x000000000cfd2000 	/usr/lib/system/libsystem_asl.dylib
0x000000000cfd2000 	/usr/lib/system/libsystem_blocks.dylib
0x000000000cfd2000 	/usr/lib/system/libsystem_c.dylib
0x000000000cfd2000 	/usr/lib/system/libsystem_configuration.dylib
0x000000000cfd2000 	/usr/lib/system/libsystem_coreservices.dylib
0x000000000cfd2000 	/usr/lib/system/libsystem_coretls.dylib
0x000000000cfd2000 	/usr/lib/system/libsystem_dnssd.dylib
0x000000000cfd2000 	/usr/lib/system/libsystem_info.dylib
0x000000000cfd2000 	/usr/lib/system/libsystem_kernel.dylib
0x000000000cfd2000 	/usr/lib/system/libsystem_m.dylib
0x000000000cfd2000 	/usr/lib/system/libsystem_malloc.dylib
0x000000000cfd2000 	/usr/lib/system/libsystem_network.dylib
0x000000000cfd2000 	/usr/lib/system/libsystem_networkextension.dylib
0x000000000cfd2000 	/usr/lib/system/libsystem_notify.dylib
0x000000000cfd2000 	/usr/lib/system/libsystem_platform.dylib
0x000000000cfd2000 	/usr/lib/system/libsystem_pthread.dylib
0x000000000cfd2000 	/usr/lib/system/libsystem_sandbox.dylib
0x000000000cfd2000 	/usr/lib/system/libsystem_secinit.dylib
0x000000000cfd2000 	/usr/lib/system/libsystem_stats.dylib
0x000000000cfd2000 	/usr/lib/system/libsystem_trace.dylib
0x000000000cfd2000 	/usr/lib/system/libunc.dylib
0x000000000cfd2000 	/usr/lib/system/libunwind.dylib
0x000000000cfd2000 	/usr/lib/system/libxpc.dylib
0x000000000cfd2000 	/usr/lib/libbz2.1.0.dylib
0x000000000cfd2000 	/usr/lib/liblzma.5.dylib
0x000000000cfd2000 	/usr/lib/libbsm.0.dylib
0x000000000cfd2000 	/usr/lib/libsqlite3.dylib
0x000000000cfd2000 	/usr/lib/system/libkxld.dylib
0x000000000cfd2000 	/usr/lib/libxar.1.dylib
0x000000000cfd2000 	/usr/lib/libpam.2.dylib
0x000000000cfd2000 	/usr/lib/libOpenScriptingUtil.dylib
0x000000000cfd2000 	/System/Library/Frameworks/CoreServices.framework/Versions/A/Frameworks/FSEvents.framework/Versions/A/FSEvents
0x000000000cfd2000 	/System/Library/Frameworks/CoreServices.framework/Versions/A/Frameworks/CarbonCore.framework/Versions/A/CarbonCore
0x000000000cfd2000 	/System/Library/Frameworks/CoreServices.framework/Versions/A/Frameworks/Metadata.framework/Versions/A/Metadata
0x000000000cfd2000 	/System/Library/Frameworks/CoreServices.framework/Versions/A/Frameworks/OSServices.framework/Versions/A/OSServices
0x000000000cfd2000 	/System/Library/Frameworks/CoreServices.framework/Versions/A/Frameworks/SearchKit.framework/Versions/A/SearchKit
0x000000000cfd2000 	/System/Library/Frameworks/CoreServices.framework/Versions/A/Frameworks/AE.framework/Versions/A/AE
0x000000000cfd2000 	/System/Library/Frameworks/CoreServices.framework/Versions/A/Frameworks/LaunchServices.framework/Versions/A/LaunchServices
0x000000000cfd2000 	/System/Library/Frameworks/CoreServices.framework/Versions/A/Frameworks/DictionaryServices.framework/Versions/A/DictionaryServices
0x000000000cfd2000 	/System/Library/Frameworks/NetFS.framework/Versions/A/NetFS
0x000000000cfd2000 	/System/Library/PrivateFrameworks/NetAuth.framework/Versions/A/NetAuth
0x000000000cfd2000 	/System/Library/PrivateFrameworks/login.framework/Versions/A/Frameworks/loginsupport.framework/Versions/A/loginsupport
0x000000000cfd2000 	/System/Library/PrivateFrameworks/TCC.framework/Versions/A/TCC
0x000000000cfd2000 	/usr/lib/libmecabra.dylib
0x000000000cfd2000 	/System/Library/Frameworks/ApplicationServices.framework/Versions/A/Frameworks/ATS.framework/Versions/A/ATS
0x000000000cfd2000 	/System/Library/Frameworks/ApplicationServices.framework/Versions/A/Frameworks/ColorSync.framework/Versions/A/ColorSync
0x000000000cfd2000 	/System/Library/Frameworks/ApplicationServices.framework/Versions/A/Frameworks/HIServices.framework/Versions/A/HIServices
0x000000000cfd2000 	/System/Library/Frameworks/ApplicationServices.framework/Versions/A/Frameworks/LangAnalysis.framework/Versions/A/LangAnalysis
0x000000000cfd2000 	/System/Library/Frameworks/ApplicationServices.framework/Versions/A/Frameworks/PrintCore.framework/Versions/A/PrintCore
0x000000000cfd2000 	/System/Library/Frameworks/ApplicationServices.framework/Versions/A/Frameworks/QD.framework/Versions/A/QD
0x000000000cfd2000 	/System/Library/Frameworks/ApplicationServices.framework/Versions/A/Frameworks/SpeechSynthesis.framework/Versions/A/SpeechSynthesis
0x000000000cfd2000 	/System/Library/Frameworks/Accelerate.framework/Versions/A/Accelerate
0x000000000cfd2000 	/System/Library/Frameworks/Accelerate.framework/Versions/A/Frameworks/vImage.framework/Versions/A/vImage
0x000000000cfd2000 	/System/Library/Frameworks/Accelerate.framework/Versions/A/Frameworks/vecLib.framework/Versions/A/vecLib
0x000000000cfd2000 	/System/Library/Frameworks/Accelerate.framework/Versions/A/Frameworks/vecLib.framework/Versions/A/libvDSP.dylib
0x000000000cfd2000 	/System/Library/Frameworks/Accelerate.framework/Versions/A/Frameworks/vecLib.framework/Versions/A/libvMisc.dylib
0x000000000cfd2000 	/System/Library/Frameworks/Accelerate.framework/Versions/A/Frameworks/vecLib.framework/Versions/A/libLAPACK.dylib
0x000000000cfd2000 	/System/Library/Frameworks/Accelerate.framework/Versions/A/Frameworks/vecLib.framework/Versions/A/libBLAS.dylib
0x000000000cfd2000 	/System/Library/Frameworks/Accelerate.framework/Versions/A/Frameworks/vecLib.framework/Versions/A/libLinearAlgebra.dylib
0x000000000cfd2000 	/System/Library/Frameworks/ApplicationServices.framework/Versions/A/Frameworks/ATS.framework/Versions/A/Resources/libFontParser.dylib
0x000000000cfd2000 	/System/Library/Frameworks/ApplicationServices.framework/Versions/A/Frameworks/ATS.framework/Versions/A/Resources/libFontRegistry.dylib
0x000000000cfd2000 	/System/Library/PrivateFrameworks/AppleVPA.framework/Versions/A/AppleVPA
0x000000000cfd2000 	/System/Library/PrivateFrameworks/AppleJPEG.framework/Versions/A/AppleJPEG
0x000000000cfd2000 	/System/Library/Frameworks/ImageIO.framework/Versions/A/Resources/libJPEG.dylib
0x000000000cfd2000 	/System/Library/Frameworks/ImageIO.framework/Versions/A/Resources/libTIFF.dylib
0x000000000cfd2000 	/System/Library/Frameworks/ImageIO.framework/Versions/A/Resources/libPng.dylib
0x000000000cfd2000 	/System/Library/Frameworks/ImageIO.framework/Versions/A/Resources/libGIF.dylib
0x000000000cfd2000 	/System/Library/Frameworks/ImageIO.framework/Versions/A/Resources/libJP2.dylib
0x000000000cfd2000 	/System/Library/Frameworks/ImageIO.framework/Versions/A/Resources/libRadiance.dylib
0x000000000cfd2000 	/System/Library/Frameworks/CoreVideo.framework/Versions/A/CoreVideo
0x000000000cfd2000 	/System/Library/Frameworks/OpenGL.framework/Versions/A/Libraries/libGLU.dylib
0x000000000cfd2000 	/System/Library/Frameworks/OpenGL.framework/Versions/A/Libraries/libGFXShared.dylib
0x000000000cfd2000 	/System/Library/Frameworks/OpenGL.framework/Versions/A/Libraries/libGL.dylib
0x000000000cfd2000 	/System/Library/Frameworks/OpenGL.framework/Versions/A/Libraries/libGLImage.dylib
0x000000000cfd2000 	/System/Library/Frameworks/OpenGL.framework/Versions/A/Libraries/libCVMSPluginSupport.dylib
0x000000000cfd2000 	/System/Library/Frameworks/OpenGL.framework/Versions/A/Libraries/libCoreVMClient.dylib
0x000000000cfd2000 	/usr/lib/libcups.2.dylib
0x000000000cfd2000 	/System/Library/Frameworks/Kerberos.framework/Versions/A/Kerberos
0x000000000cfd2000 	/System/Library/Frameworks/GSS.framework/Versions/A/GSS
0x000000000cfd2000 	/usr/lib/libresolv.9.dylib
0x000000000cfd2000 	/usr/lib/libiconv.2.dylib
0x000000000cfd2000 	/System/Library/PrivateFrameworks/Heimdal.framework/Versions/A/Heimdal
0x000000000cfd2000 	/usr/lib/libheimdal-asn1.dylib
0x000000000cfd2000 	/System/Library/Frameworks/OpenDirectory.framework/Versions/A/OpenDirectory
0x000000000cfd2000 	/System/Library/PrivateFrameworks/CommonAuth.framework/Versions/A/CommonAuth
0x000000000cfd2000 	/System/Library/Frameworks/OpenDirectory.framework/Versions/A/Frameworks/CFOpenDirectory.framework/Versions/A/CFOpenDirectory
0x000000000cfd2000 	/System/Library/Frameworks/SecurityFoundation.framework/Versions/A/SecurityFoundation
0x000000000cfd2000 	/System/Library/PrivateFrameworks/LanguageModeling.framework/Versions/A/LanguageModeling
0x000000000cfd2000 	/usr/lib/libcmph.dylib
0x000000000cfd2000 	/System/Library/Frameworks/ServiceManagement.framework/Versions/A/ServiceManagement
0x000000000cfd2000 	/usr/lib/libxslt.1.dylib
0x000000000cfd2000 	/System/Library/Frameworks/Carbon.framework/Versions/A/Frameworks/Ink.framework/Versions/A/Ink
0x000000000cfd2000 	/System/Library/Frameworks/QuartzCore.framework/Versions/A/Frameworks/CoreImage.framework/Versions/A/CoreImage
0x000000000cfd2000 	/System/Library/PrivateFrameworks/CrashReporterSupport.framework/Versions/A/CrashReporterSupport
0x000000000cfd2000 	/System/Library/Frameworks/OpenCL.framework/Versions/A/OpenCL
0x000000000cfd2000 	/System/Library/PrivateFrameworks/FaceCore.framework/Versions/A/FaceCore
0x000000000cfd2000 	/System/Library/PrivateFrameworks/Ubiquity.framework/Versions/A/Ubiquity
0x000000000cfd2000 	/System/Library/PrivateFrameworks/IconServices.framework/Versions/A/IconServices
0x000000000cfd2000 	/System/Library/PrivateFrameworks/ChunkingLibrary.framework/Versions/A/ChunkingLibrary
0x000000000cfd2000 	/System/Library/PrivateFrameworks/Apple80211.framework/Versions/A/Apple80211
0x000000000cfd2000 	/System/Library/Frameworks/CoreWLAN.framework/Versions/A/CoreWLAN
0x000000000cfd2000 	/System/Library/Frameworks/IOBluetooth.framework/Versions/A/IOBluetooth
0x000000000cfd2000 	/System/Library/PrivateFrameworks/CoreWiFi.framework/Versions/A/CoreWiFi
0x000000000cfd2000 	/System/Library/Frameworks/CoreBluetooth.framework/Versions/A/CoreBluetooth
0x000000000cfd2000 	/System/Library/PrivateFrameworks/DebugSymbols.framework/Versions/A/DebugSymbols
0x000000000cfd2000 	/System/Library/PrivateFrameworks/CoreSymbolication.framework/Versions/A/CoreSymbolication
0x000000000cfd2000 	/System/Library/PrivateFrameworks/Symbolication.framework/Versions/A/Symbolication
0x000000000cfd2000 	/System/Library/PrivateFrameworks/SpeechRecognitionCore.framework/Versions/A/SpeechRecognitionCore
0x0000000102000000 	/Library/Java/JavaVirtualMachines/jdk1.8.0_25.jdk/Contents/Home/jre/lib/server/libjvm.dylib
0x000000000cfd2000 	/usr/lib/libstdc++.6.dylib
0x00000001017d5000 	/Library/Java/JavaVirtualMachines/jdk1.8.0_25.jdk/Contents/Home/jre/lib/libverify.dylib
0x0000000102f1c000 	/Library/Java/JavaVirtualMachines/jdk1.8.0_25.jdk/Contents/Home/jre/lib/libjava.dylib
0x00000001017ed000 	/Library/Java/JavaVirtualMachines/jdk1.8.0_25.jdk/Contents/Home/jre/lib/libzip.dylib
0x0000000118fc4000 	/System/Library/Frameworks/JavaVM.framework/Frameworks/JavaRuntimeSupport.framework/JavaRuntimeSupport
0x0000000118fda000 	/System/Library/Frameworks/JavaVM.framework/Versions/A/Frameworks/JavaNativeFoundation.framework/Versions/A/JavaNativeFoundation
0x0000000118fee000 	/System/Library/Frameworks/JavaVM.framework/Versions/A/JavaVM
0x000000000cfd2000 	/System/Library/Frameworks/Carbon.framework/Versions/A/Carbon
0x0000000118ffa000 	/System/Library/PrivateFrameworks/JavaLaunching.framework/Versions/A/JavaLaunching
0x000000000cfd2000 	/System/Library/Frameworks/Carbon.framework/Versions/A/Frameworks/CommonPanels.framework/Versions/A/CommonPanels
0x000000000cfd2000 	/System/Library/Frameworks/Carbon.framework/Versions/A/Frameworks/Help.framework/Versions/A/Help
0x000000000cfd2000 	/System/Library/Frameworks/Carbon.framework/Versions/A/Frameworks/ImageCapture.framework/Versions/A/ImageCapture
0x000000000cfd2000 	/System/Library/Frameworks/Carbon.framework/Versions/A/Frameworks/OpenScripting.framework/Versions/A/OpenScripting
0x000000000cfd2000 	/System/Library/Frameworks/Carbon.framework/Versions/A/Frameworks/Print.framework/Versions/A/Print
0x000000000cfd2000 	/System/Library/Frameworks/Carbon.framework/Versions/A/Frameworks/SecurityHI.framework/Versions/A/SecurityHI
0x000000011ae14000 	/Users/xqi/Documents/workspace/APPM/libs/libnativeppm.jnilib

VM Arguments:
jvm_args: -Dfile.encoding=UTF-8 
java_command: edu.umass.cs.sensors.falcon.APPM
java_class_path (initial): /Users/xqi/Documents/workspace/APPM/bin
Launcher Type: SUN_STANDARD

Environment Variables:
PATH=/usr/bin:/bin:/usr/sbin:/sbin
SHELL=/bin/bash

Signal Handlers:
SIGSEGV: [libjvm.dylib+0x579dc7], sa_mask[0]=11111111011111110111111111111111, sa_flags=SA_ONSTACK|SA_RESTART|SA_SIGINFO
SIGBUS: [libjvm.dylib+0x579dc7], sa_mask[0]=11111111011111110111111111111111, sa_flags=SA_RESTART|SA_SIGINFO
SIGFPE: [libjvm.dylib+0x45b030], sa_mask[0]=11111111011111110111111111111111, sa_flags=SA_RESTART|SA_SIGINFO
SIGPIPE: [libjvm.dylib+0x45b030], sa_mask[0]=11111111011111110111111111111111, sa_flags=SA_RESTART|SA_SIGINFO
SIGXFSZ: [libjvm.dylib+0x45b030], sa_mask[0]=11111111011111110111111111111111, sa_flags=SA_RESTART|SA_SIGINFO
SIGILL: [libjvm.dylib+0x45b030], sa_mask[0]=11111111011111110111111111111111, sa_flags=SA_RESTART|SA_SIGINFO
SIGUSR1: SIG_DFL, sa_mask[0]=00000000000000000000000000000000, sa_flags=none
SIGUSR2: [libjvm.dylib+0x45ab4e], sa_mask[0]=00100000000000000000000000000000, sa_flags=SA_RESTART|SA_SIGINFO
SIGHUP: [libjvm.dylib+0x459121], sa_mask[0]=11111111011111110111111111111111, sa_flags=SA_RESTART|SA_SIGINFO
SIGINT: [libjvm.dylib+0x459121], sa_mask[0]=11111111011111110111111111111111, sa_flags=SA_RESTART|SA_SIGINFO
SIGTERM: [libjvm.dylib+0x459121], sa_mask[0]=11111111011111110111111111111111, sa_flags=SA_RESTART|SA_SIGINFO
SIGQUIT: [libjvm.dylib+0x459121], sa_mask[0]=11111111011111110111111111111111, sa_flags=SA_RESTART|SA_SIGINFO


---------------  S Y S T E M  ---------------

OS:Bsduname:Darwin 14.1.0 Darwin Kernel Version 14.1.0: Mon Dec 22 23:10:38 PST 2014; root:xnu-2782.10.72~2/RELEASE_X86_64 x86_64
rlimit: STACK 8192k, CORE 0k, NPROC 709, NOFILE 10240, AS infinity
load average:1.76 1.53 1.58

CPU:total 4 (2 cores per cpu, 2 threads per core) family 6 model 69 stepping 1, cmov, cx8, fxsr, mmx, sse, sse2, sse3, ssse3, sse4.1, sse4.2, popcnt, avx, avx2, aes, clmul, erms, lzcnt, ht, tsc, tscinvbit, bmi1, bmi2

Memory: 4k page, physical 8388608k(1092820k free)

/proc/meminfo:


vm_info: Java HotSpot(TM) 64-Bit Server VM (25.25-b02) for bsd-amd64 JRE (1.8.0_25-b17), built on Sep 17 2014 16:56:50 by "java_re" with gcc 4.2.1 (Based on Apple Inc. build 5658) (LLVM build 2336.11.00)

time: Mon Feb  9 15:35:07 2015
elapsed time: 0 seconds (0d 0h 0m 0s)

